This is pdfTeXk, Version 3.141592-1.40.3 (Web2C 7.5.6) (format=latex 2009.11.24)  24 NOV 2009 21:04
entering extended mode
 %&-line parsing enabled.
**rtpbond.tex
(./rtpbond.tex
LaTeX2e <2005/12/01>
Babel <v3.8h> and hyphenation patterns for english, usenglishmax, dumylang, noh
yphenation, german, ngerman, loaded.
(/usr/share/texmf-texlive/tex/latex/base/book.cls
Document Class: book 2005/09/16 v1.4f Standard LaTeX document class
(/usr/share/texmf-texlive/tex/latex/base/bk10.clo
File: bk10.clo 2005/09/16 v1.4f Standard LaTeX file (size option)
)
\c@part=\count79
\c@chapter=\count80
\c@section=\count81
\c@subsection=\count82
\c@subsubsection=\count83
\c@paragraph=\count84
\c@subparagraph=\count85
\c@figure=\count86
\c@table=\count87
\abovecaptionskip=\skip41
\belowcaptionskip=\skip42
\bibindent=\dimen102
)
(/usr/share/texmf-texlive/tex/latex/amsmath/amsmath.sty
Package: amsmath 2000/07/18 v2.13 AMS math features
\@mathmargin=\skip43

For additional information on amsmath, use the `?' option.
(/usr/share/texmf-texlive/tex/latex/amsmath/amstext.sty
Package: amstext 2000/06/29 v2.01

(/usr/share/texmf-texlive/tex/latex/amsmath/amsgen.sty
File: amsgen.sty 1999/11/30 v2.0
\@emptytoks=\toks14
\ex@=\dimen103
))
(/usr/share/texmf-texlive/tex/latex/amsmath/amsbsy.sty
Package: amsbsy 1999/11/29 v1.2d
\pmbraise@=\dimen104
)
(/usr/share/texmf-texlive/tex/latex/amsmath/amsopn.sty
Package: amsopn 1999/12/14 v2.01 operator names
)
\inf@bad=\count88
LaTeX Info: Redefining \frac on input line 211.
\uproot@=\count89
\leftroot@=\count90
LaTeX Info: Redefining \overline on input line 307.
\classnum@=\count91
\DOTSCASE@=\count92
LaTeX Info: Redefining \ldots on input line 379.
LaTeX Info: Redefining \dots on input line 382.
LaTeX Info: Redefining \cdots on input line 467.
\Mathstrutbox@=\box26
\strutbox@=\box27
\big@size=\dimen105
LaTeX Font Info:    Redeclaring font encoding OML on input line 567.
LaTeX Font Info:    Redeclaring font encoding OMS on input line 568.
\macc@depth=\count93
\c@MaxMatrixCols=\count94
\dotsspace@=\muskip10
\c@parentequation=\count95
\dspbrk@lvl=\count96
\tag@help=\toks15
\row@=\count97
\column@=\count98
\maxfields@=\count99
\andhelp@=\toks16
\eqnshift@=\dimen106
\alignsep@=\dimen107
\tagshift@=\dimen108
\tagwidth@=\dimen109
\totwidth@=\dimen110
\lineht@=\dimen111
\@envbody=\toks17
\multlinegap=\skip44
\multlinetaggap=\skip45
\mathdisplay@stack=\toks18
LaTeX Info: Redefining \[ on input line 2666.
LaTeX Info: Redefining \] on input line 2667.
)
(/usr/share/texmf-texlive/tex/latex/amsfonts/amsfonts.sty
Package: amsfonts 2001/10/25 v2.2f
\symAMSa=\mathgroup4
\symAMSb=\mathgroup5
LaTeX Font Info:    Overwriting math alphabet `\mathfrak' in version `bold'
(Font)                  U/euf/m/n --> U/euf/b/n on input line 132.
)
(/usr/share/texmf-texlive/tex/latex/amsfonts/amssymb.sty
Package: amssymb 2002/01/22 v2.2d
)
(/usr/share/texmf-texlive/tex/latex/graphics/graphicx.sty
Package: graphicx 1999/02/16 v1.0f Enhanced LaTeX Graphics (DPC,SPQR)

(/usr/share/texmf-texlive/tex/latex/graphics/keyval.sty
Package: keyval 1999/03/16 v1.13 key=value parser (DPC)
\KV@toks@=\toks19
)
(/usr/share/texmf-texlive/tex/latex/graphics/graphics.sty
Package: graphics 2006/02/20 v1.0o Standard LaTeX Graphics (DPC,SPQR)

(/usr/share/texmf-texlive/tex/latex/graphics/trig.sty
Package: trig 1999/03/16 v1.09 sin cos tan (DPC)
)
(/etc/texmf/tex/latex/config/graphics.cfg
File: graphics.cfg 2007/01/18 v1.5 graphics configuration of teTeX/TeXLive
)
Package graphics Info: Driver file: dvips.def on input line 90.

(/usr/share/texmf-texlive/tex/latex/graphics/dvips.def
File: dvips.def 1999/02/16 v3.0i Driver-dependant file (DPC,SPQR)
))
\Gin@req@height=\dimen112
\Gin@req@width=\dimen113
)
(/usr/share/texmf-texlive/tex/latex/pdfpages/pdfpages.sty
Package: pdfpages 2006/08/12 v0.4a Insert pages of external PDF documents (AM)

(/usr/share/texmf-texlive/tex/latex/base/ifthen.sty
Package: ifthen 2001/05/26 v1.1c Standard LaTeX ifthen package (DPC)
)
(/usr/share/texmf-texlive/tex/latex/tools/calc.sty
Package: calc 2005/08/06 v4.2 Infix arithmetic (KKT,FJ)
\calc@Acount=\count100
\calc@Bcount=\count101
\calc@Adimen=\dimen114
\calc@Bdimen=\dimen115
\calc@Askip=\skip46
\calc@Bskip=\skip47
LaTeX Info: Redefining \setlength on input line 75.
LaTeX Info: Redefining \addtolength on input line 76.
\calc@Ccount=\count102
\calc@Cskip=\skip48
)
(/usr/share/texmf-texlive/tex/latex/eso-pic/eso-pic.sty
Package: eso-pic 2006/07/14 v1.1d eso-pic (RN)

(/usr/share/texmf-texlive/tex/latex/everyshi/everyshi.sty
Package: everyshi 2001/05/15 v3.00 EveryShipout Package (MS)
))
(/usr/share/texmf-texlive/tex/latex/pdfpages/pppdftex.def
File: pppdftex.def 2006/08/12 v0.4a Pdfpages driver for pdfTeX (AM)

(/usr/share/texmf-texlive/tex/latex/pdfpages/ppnull.def
File: ppnull.def 2006/08/12 v0.4a Pdfpages' dummy driver (AM)


Package pdfpages Warning: I will use a dummy \includepdf command
(pdfpages)                which will NOT insert any pages, because
(pdfpages)                you are producing DVI output.

))
\AM@pagebox=\box28
\AM@toc@title=\toks20
\c@AM@survey=\count103
) (/usr/share/texmf-texlive/tex/generic/german/ngerman.sty v2.5e 1998-07-08
Package: ngerman 1998/07/08 v2.5e Support for writing german texts (br)
\grmnU@D=\dimen116
ngerman -- \language number for naustrian undefined, default 5 used.
ngerman -- \language number for French undefined, default 255 used.
)
(/usr/share/texmf-texlive/tex/latex/base/inputenc.sty
Package: inputenc 2006/05/05 v1.1b Input encoding file
\inpenc@prehook=\toks21
\inpenc@posthook=\toks22

(/usr/share/texmf-texlive/tex/latex/base/latin1.def
File: latin1.def 2006/05/05 v1.1b Input encoding file
))
(/usr/share/texmf-texlive/tex/latex/base/fontenc.sty
Package: fontenc 2005/09/27 v1.99g Standard LaTeX package

(/usr/share/texmf-texlive/tex/latex/base/t1enc.def
File: t1enc.def 2005/09/27 v1.99g Standard LaTeX file
LaTeX Font Info:    Redeclaring font encoding T1 on input line 43.
))
(/usr/share/texmf-texlive/tex/latex/booktabs/booktabs.sty
Package: booktabs 2005/04/14 v1.61803 publication quality tables
\heavyrulewidth=\dimen117
\lightrulewidth=\dimen118
\cmidrulewidth=\dimen119
\belowrulesep=\dimen120
\belowbottomsep=\dimen121
\aboverulesep=\dimen122
\abovetopsep=\dimen123
\cmidrulesep=\dimen124
\cmidrulekern=\dimen125
\defaultaddspace=\dimen126
\@cmidla=\count104
\@cmidlb=\count105
\@aboverulesep=\dimen127
\@belowrulesep=\dimen128
\@thisruleclass=\count106
\@lastruleclass=\count107
\@thisrulewidth=\dimen129
)
\c@theorem=\count108
 (./rtpbond.aux)
\openout1 = `rtpbond.aux'.

LaTeX Font Info:    Checking defaults for OML/cmm/m/it on input line 78.
LaTeX Font Info:    ... okay on input line 78.
LaTeX Font Info:    Checking defaults for T1/cmr/m/n on input line 78.
LaTeX Font Info:    ... okay on input line 78.
LaTeX Font Info:    Checking defaults for OT1/cmr/m/n on input line 78.
LaTeX Font Info:    ... okay on input line 78.
LaTeX Font Info:    Checking defaults for OMS/cmsy/m/n on input line 78.
LaTeX Font Info:    ... okay on input line 78.
LaTeX Font Info:    Checking defaults for OMX/cmex/m/n on input line 78.
LaTeX Font Info:    ... okay on input line 78.
LaTeX Font Info:    Checking defaults for U/cmr/m/n on input line 78.
LaTeX Font Info:    ... okay on input line 78.

ABD: EveryShipout initializing macros
(/usr/share/texmf-texlive/tex/latex/graphics/color.sty
Package: color 2005/11/14 v1.0j Standard LaTeX Color (DPC)

(/etc/texmf/tex/latex/config/color.cfg
File: color.cfg 2007/01/18 v1.5 color configuration of teTeX/TeXLive
)
Package color Info: Driver file: dvips.def on input line 130.

(/usr/share/texmf-texlive/tex/latex/graphics/dvipsnam.def
File: dvipsnam.def 1999/02/16 v3.0i Driver-dependant file (DPC,SPQR)
))
LaTeX Font Info:    Try loading font information for U+msa on input line 84.

(/usr/share/texmf-texlive/tex/latex/amsfonts/umsa.fd
File: umsa.fd 2002/01/19 v2.2g AMS font definitions
)
LaTeX Font Info:    Try loading font information for U+msb on input line 84.

(/usr/share/texmf-texlive/tex/latex/amsfonts/umsb.fd
File: umsb.fd 2002/01/19 v2.2g AMS font definitions
)
Overfull \hbox (12.76683pt too wide) in paragraph at lines 84--84
 [][] 
 []

[1



] [2

] (./rtpbond.toc
LaTeX Font Info:    Try loading font information for T1+cmtt on input line 20.
 (/usr/share/texmf-texlive/tex/latex/base/t1cmtt.fd
File: t1cmtt.fd 1999/05/25 v2.5h Standard LaTeX font definitions
)
[3])
\tf@toc=\write3
\openout3 = `rtpbond.toc'.

 [4] [5

] [6

] [7] [8

]
Kapitel 1.

Overfull \hbox (15.41199pt too wide) in paragraph at lines 119--122
\T1/cmr/m/n/10 Als Ba-sis für vie-le heu-ti-ge Kom-mu-ni-ka-ti-ons-pro-to-kol-l
e wird das OSI-Schichtenmodell
 []

File: figures/schichtkommunikation.eps Graphic file (type eps)
<figures/schichtkommunikation.eps>
Underfull \vbox (badness 2894) has occurred while \output is active []

 [1

]
[2]
Overfull \hbox (21.8615pt too wide) in paragraph at lines 164--166
\T1/cmr/m/n/10 dem Messa-d-ap-ter die ein-zel-nen Schich-ten des OSI-Modells re
a-li-sert. Die Anwendungs-
 []

[3] [4]
File: figures/manchester.eps Graphic file (type eps)
 <figures/manchester.eps> [5] [6] [7] [8]
Kapitel 2.
LaTeX Font Info:    Font shape `T1/cmtt/bx/n' in size <14.4> not available
(Font)              Font shape `T1/cmtt/m/n' tried instead on input line 242.
[9

] [10

]
Kapitel 3.
[11]
File: figures/schrittweiserAufbauEinesPaketes.eps Graphic file (type eps)
 <figures/schrittweiserAufbauEinesPaketes.eps>
File: figures/onMain.eps Graphic file (type eps)
 <figures/onMain.eps>
File: figures/onTimer.eps Graphic file (type eps)

<figures/onTimer.eps>
File: figures/onSerial.eps Graphic file (type eps)
 <figures/onSerial.eps>
File: figures/rotateRecvBuffer.eps Graphic file (type eps)
 <figures/rotateRecvBuffer.eps>
[12] [13]

LaTeX Warning: File `figures/speicherabbild.eps' not found on input line 320.


! LaTeX Error: File `figures/speicherabbild.eps' not found.

See the LaTeX manual or LaTeX Companion for explanation.
Type  H <return>  for immediate help.
 ...                                              
                                                  
l.320 ....0\textwidth]{figures/speicherabbild.eps}
                                                  
Try typing  <return>  to proceed.
If that doesn't work, type  X <return>  to quit.


! LaTeX Error: Cannot determine size of graphic in figures/speicherabbild.eps (
no BoundingBox).

See the LaTeX manual or LaTeX Companion for explanation.
Type  H <return>  for immediate help.
 ...                                              
                                                  
l.320 ....0\textwidth]{figures/speicherabbild.eps}
                                                  
Try typing  <return>  to proceed.
If that doesn't work, type  X <return>  to quit.

File: figures/speicherabbild.eps Graphic file (type eps)
<figures/speicherabbild.eps>
File: figures/EthernetTo232-dia-01.eps Graphic file (type eps)
 <figures/EthernetTo232-dia-01.eps>
File: figures/EthernetTo232-dia-02.eps Graphic file (type eps)

<figures/EthernetTo232-dia-02.eps>
Underfull \vbox (badness 10000) has occurred while \output is active []

 [14]
File: figures/SpeicherStrukturTimer.eps Graphic file (type eps)

<figures/SpeicherStrukturTimer.eps>
Underfull \vbox (badness 2635) has occurred while \output is active []

 [15]
[16]
Underfull \hbox (badness 10000) in paragraph at lines 370--374

 []


Underfull \hbox (badness 10000) in paragraph at lines 370--374

 []

File: figures/sendeverhalten.eps Graphic file (type eps)
<figures/sendeverhalten.eps> [17]
Overfull \hbox (63.39522pt too wide) in paragraph at lines 407--425
[][] 
 []

File: figures/getconfig.eps Graphic file (type eps)
<figures/getconfig.eps>
File: figures/setBaud.eps Graphic file (type eps)
 <figures/setBaud.eps> [18]
File: figures/Eeprom-belegung.eps Graphic file (type eps)

<figures/Eeprom-belegung.eps> [19]
File: figures/debugging_ausgabe.eps Graphic file (type eps)
 <figures/debugging_ausgabe.eps>
File: figures/debugging_code.eps Graphic file (type eps)

<figures/debugging_code.eps>
File: figures/Flashmemory.eps Graphic file (type eps)
 <figures/Flashmemory.eps>

LaTeX Warning: Reference `fig:bootloader' on page 20 undefined on input line 55
5.

[20]

! LaTeX Error: Too many unprocessed floats.

See the LaTeX manual or LaTeX Companion for explanation.
Type  H <return>  for immediate help.
 ...                                              
                                                  
l.557 \begin{figure}[H]
                       
You've lost some text.  Try typing  <return>  to proceed.
If that doesn't work, type  X <return>  to quit.

! Undefined control sequence.
\@xfloat ...@fltovf \fi \global \setbox \@currbox 
                                                  \color@vbox \normalcolor \...
l.557 \begin{figure}[H]
                       
The control sequence at the end of the top line
of your error message was never \def'ed. If you have
misspelled it (e.g., `\hobx'), type `I' and the correct
spelling (e.g., `I\hbox'). Otherwise just continue,
and I'll forget about whatever was undefined.

! Missing number, treated as zero.
<to be read again> 
                   \vbox 
l.557 \begin{figure}[H]
                       
A number should have been here; I inserted `0'.
(If you can't figure out why I needed to see a number,
look up `weird error' in the index to The TeXbook.)

File: figures/bootloader.eps Graphic file (type eps)
<figures/bootloader.eps>
! Undefined control sequence.
\@largefloatcheck ->\ifdim \ht \@currbox 
                                         >\textheight \@tempdima -\textheigh...
l.562 \end{figure}
                  
The control sequence at the end of the top line
of your error message was never \def'ed. If you have
misspelled it (e.g., `\hobx'), type `I' and the correct
spelling (e.g., `I\hbox'). Otherwise just continue,
and I'll forget about whatever was undefined.

! Missing number, treated as zero.
<to be read again> 
                   >
l.562 \end{figure}
                  
A number should have been here; I inserted `0'.
(If you can't figure out why I needed to see a number,
look up `weird error' in the index to The TeXbook.)

! Undefined control sequence.
<argument> \@currbox 
                     
l.562 \end{figure}
                  
The control sequence at the end of the top line
of your error message was never \def'ed. If you have
misspelled it (e.g., `\hobx'), type `I' and the correct
spelling (e.g., `I\hbox'). Otherwise just continue,
and I'll forget about whatever was undefined.

! Argument of \@xnext has an extra }.
<inserted text> 
                \par 
l.562 \end{figure}
                  
I've run across a `}' that doesn't seem to match anything.
For example, `\def\a#1{...}' and `\a}' would produce
this error. If you simply proceed now, the `\par' that
I've just inserted will cause me to report a runaway
argument that might be the root of the problem. But if
your `}' was spurious, just type `2' and it will go away.

Runaway argument?
\@currbox \@currlist \ifnum \count \@currbox >\z@ \advance \@pageht \@pagedp \E
TC.
! Paragraph ended before \@xnext was complete.
<to be read again> 
                   \par 
l.562 \end{figure}
                  
I suspect you've forgotten a `}', causing me to apply this
control sequence to too much text. How can we recover?
My plan is to forget the whole thing and hope for the best.

! Extra \else.
\end@float ...pdima \penalty \@floatpenalty \else 
                                                  \vadjust {\penalty -\@Miv ...
l.562 \end{figure}
                  
I'm ignoring this; it doesn't match any \if.

! You can't use `\vadjust' in vertical mode.
\end@float ...nalty \@floatpenalty \else \vadjust 
                                                  {\penalty -\@Miv \vbox {}\...
l.562 \end{figure}
                  
Sorry, but I'm not programmed to handle this case;
I'll just pretend that you didn't ask for it.
If you're in the wrong mode, you might be able to
return to the right one by typing `I}' or `I$' or `I\par'.

! Argument of \@xnext has an extra }.
<inserted text> 
                \par 
l.562 \end{figure}
                  
I've run across a `}' that doesn't seem to match anything.
For example, `\def\a#1{...}' and `\a}' would produce
this error. If you simply proceed now, the `\par' that
I've just inserted will cause me to report a runaway
argument that might be the root of the problem. But if
your `}' was spurious, just type `2' and it will go away.

Runaway argument?
\@currbox \@currlist \ifnum \count \@currbox >\z@ \advance \@pageht \@pagedp \E
TC.
! Paragraph ended before \@xnext was complete.
<to be read again> 
                   \par 
l.562 \end{figure}
                  
I suspect you've forgotten a `}', causing me to apply this
control sequence to too much text. How can we recover?
My plan is to forget the whole thing and hope for the best.

[21]

! LaTeX Error: Float(s) lost.

See the LaTeX manual or LaTeX Companion for explanation.
Type  H <return>  for immediate help.
 ...                                              
                                                  
l.566 \chapter
              {Tools and Amendmends}
You've lost some text.  Try typing  <return>  to proceed.
If that doesn't work, type  X <return>  to quit.

[22] [23] [24] [25] [26] [27] [28] [29] [30] [31] [32]
Kapitel 4.
[33

] [34

]
Kapitel 5.

Overfull \hbox (61.51295pt too wide) in paragraph at lines 588--590
\T1/cmr/m/n/10 Use the []\T1/cmtt/m/n/10 \section{Section} \T1/cmr/m/n/10 com-m
and for ma-jor sec-ti-ons, and the []\T1/cmtt/m/n/10 \subsection{Subsection}
 []

LaTeX Font Info:    Try loading font information for T1+cmss on input line 613.

(/usr/share/texmf-texlive/tex/latex/base/t1cmss.fd
File: t1cmss.fd 1999/05/25 v2.5h Standard LaTeX font definitions
)
LaTeX Font Info:    Try loading font information for U+euf on input line 617.

(/usr/share/texmf-texlive/tex/latex/amsfonts/ueuf.fd
File: ueuf.fd 2002/01/19 v2.2g AMS font definitions
)
Overfull \hbox (0.99348pt too wide) in paragraph at lines 616--620
[]\T1/cmr/m/n/10 You can al-so ap-p-ly the spe-ci-al, ma-the-ma-tics on-ly com-
man-ds $[]$
 []

[35]
Overfull \hbox (1.4154pt too wide) in paragraph at lines 671--671
[]\T1/cmtt/m/n/10 #include <iostream>         // < > is used for standard libra
ries.[] 
 []


Overfull \hbox (6.66412pt too wide) in paragraph at lines 671--671
[]\T1/cmtt/m/n/10 void main(void)             // ''main'' method always called 
first.[] 
 []


Overfull \hbox (7.73135pt too wide) has occurred while \output is active
\T1/cmr/m/n/10 36 \T1/cmr/m/sl/10 KAPITEL 5.  THE MOST IMPORTANT FEATURES OF TH
IS DOCUMENT
 []

[36]
LaTeX Font Info:    Try loading font information for OMS+cmr on input line 724.

 (/usr/share/texmf-texlive/tex/latex/base/omscmr.fd
File: omscmr.fd 1999/05/25 v2.5h Standard LaTeX font definitions
)
LaTeX Font Info:    Font shape `OMS/cmr/m/n' in size <10> not available
(Font)              Font shape `OMS/cmsy/m/n' tried instead on input line 724.
 [37]
Overfull \hbox (7.73135pt too wide) has occurred while \output is active
\T1/cmr/m/n/10 38 \T1/cmr/m/sl/10 KAPITEL 5.  THE MOST IMPORTANT FEATURES OF TH
IS DOCUMENT
 []

[38]
Anhang A.
[39

] [40

]
Anhang B.
[41] [42

] [43] [44

] [45

] (./rtpbond.aux)

LaTeX Warning: There were undefined references.

 )
(\end occurred when \ifnum on line 562 was incomplete)
(\end occurred when \ifnum on line 562 was incomplete)
(\end occurred when \ifx on line 562 was incomplete)
(\end occurred when \ifnum on line 562 was incomplete)
(\end occurred when \ifnum on line 562 was incomplete)
(\end occurred when \ifnum on line 562 was incomplete)
(\end occurred when \ifnum on line 562 was incomplete)
(\end occurred when \ifnum on line 562 was incomplete) 
Here is how much of TeX's memory you used:
 3044 strings out of 95071
 39221 string characters out of 1182702
 93994 words of memory out of 1500000
 6125 multiletter control sequences out of 10000+50000
 25815 words of font info for 64 fonts, out of 1200000 for 2000
 28 hyphenation exceptions out of 8191
 28i,9n,22p,3089b,273s stack positions out of 5000i,500n,6000p,200000b,5000s

Output written on rtpbond.dvi (53 pages, 96288 bytes).
